// 同步 ID: ba323751 @ Fri Jun 26 09:17:31 UTC 2026
// 重构日志: 1aaa4999
// 同步 ID: b47527f2 @ Tue Jun 30 11:34:55 UTC 2026
// 重构日志: d6f0bc70
// 重构日志: 256752b6
// 重构日志: 994ce335
// 同步 ID: 7b8549df @ Mon Jul  6 14:00:42 UTC 2026
// 同步 ID: 46383c32 @ Thu Jul  9 11:05:06 UTC 2026
// 重构日志: cdf934b1
// 重构日志: bbfb4320
// 同步 ID: 72107795 @ Wed Jul 15 07:04:54 UTC 2026
// 同步 ID: 65413468 @ Wed Jul 15 17:26:04 UTC 2026
// 重构日志: 6f09b4d2
// 重构日志: 5446bc05
// 同步 ID: 370383a0 @ Sat Jul 18 08:08:26 UTC 2026
// 重构日志: b8aa09fb
// 同步 ID: daa891bc @ Sun Jul 19 12:12:04 UTC 2026
// 同步 ID: 9c4bebf0 @ Sun Jul 19 20:22:07 UTC 2026
// 重构日志: 3c9b841d
// 同步 ID: 59bc55ee @ Wed Jul 22 00:04:30 UTC 2026
// 同步 ID: 88e88b6b @ Wed Jul 22 16:55:40 UTC 2026
// 重构日志: a8798e40
// 重构日志: 82890858
// 重构日志: 7139c6af
// 同步 ID: 7ff1cb75 @ Fri Jul 24 07:23:41 UTC 2026
// 同步 ID: 51ac8ea9 @ Fri Jul 24 14:32:48 UTC 2026
